2023-12-22 18:12:49 INFO  HomePage :46 - acceptCookies [[ChromeDriver: chrome on windows (bc8432756c27f7f87e4e2f142c76fdff)] -> xpath: //button[@id='save']/span/div/span]
2023-12-22 18:12:417 INFO  HomePage :52 - enterJobTitle [[ChromeDriver: chrome on windows (bc8432756c27f7f87e4e2f142c76fdff)] -> id: keywords]
2023-12-22 18:12:255 INFO  HomePage :57 - enterJobLocation [[ChromeDriver: chrome on windows (bc8432756c27f7f87e4e2f142c76fdff)] -> id: location]
2023-12-22 18:12:386 INFO  HomePage :63 - enterJobDistance [[ChromeDriver: chrome on windows (bc8432756c27f7f87e4e2f142c76fdff)] -> id: distance]
2023-12-22 18:12:543 INFO  HomePage :69 - clickOnMoreOptionsLink [[ChromeDriver: chrome on windows (bc8432756c27f7f87e4e2f142c76fdff)] -> id: toggle-hp-search]
2023-12-22 18:12:658 INFO  HomePage :75 - enterSalaryMin [[ChromeDriver: chrome on windows (bc8432756c27f7f87e4e2f142c76fdff)] -> id: salarymin]
2023-12-22 18:12:920 INFO  HomePage :80 - enterSalaryMax [[ChromeDriver: chrome on windows (bc8432756c27f7f87e4e2f142c76fdff)] -> id: salarymax]
2023-12-22 18:12:992 INFO  HomePage :85 - enterSalaryType [[ChromeDriver: chrome on windows (bc8432756c27f7f87e4e2f142c76fdff)] -> id: salarytype]
2023-12-22 18:12:83 INFO  HomePage :90 - enterJobType [[ChromeDriver: chrome on windows (bc8432756c27f7f87e4e2f142c76fdff)] -> id: tempperm]
2023-12-22 18:12:172 INFO  HomePage :95 - clickOnFindJobsButton [[ChromeDriver: chrome on windows (bc8432756c27f7f87e4e2f142c76fdff)] -> id: hp-search-btn]
2023-12-22 18:12:822 INFO  HomePage :46 - acceptCookies [[ChromeDriver: chrome on windows (029c21161fd24cfac6d40c63f7745051)] -> xpath: //button[@id='save']/span/div/span]
2023-12-22 18:12:297 INFO  HomePage :52 - enterJobTitle [[ChromeDriver: chrome on windows (029c21161fd24cfac6d40c63f7745051)] -> id: keywords]
2023-12-22 18:12:503 INFO  HomePage :57 - enterJobLocation [[ChromeDriver: chrome on windows (029c21161fd24cfac6d40c63f7745051)] -> id: location]
2023-12-22 18:12:644 INFO  HomePage :63 - enterJobDistance [[ChromeDriver: chrome on windows (029c21161fd24cfac6d40c63f7745051)] -> id: distance]
2023-12-22 18:12:830 INFO  HomePage :69 - clickOnMoreOptionsLink [[ChromeDriver: chrome on windows (029c21161fd24cfac6d40c63f7745051)] -> id: toggle-hp-search]
2023-12-22 18:12:915 INFO  HomePage :75 - enterSalaryMin [[ChromeDriver: chrome on windows (029c21161fd24cfac6d40c63f7745051)] -> id: salarymin]
2023-12-22 18:12:06 INFO  HomePage :80 - enterSalaryMax [[ChromeDriver: chrome on windows (029c21161fd24cfac6d40c63f7745051)] -> id: salarymax]
2023-12-22 18:12:92 INFO  HomePage :85 - enterSalaryType [[ChromeDriver: chrome on windows (029c21161fd24cfac6d40c63f7745051)] -> id: salarytype]
2023-12-22 18:12:200 INFO  HomePage :90 - enterJobType [[ChromeDriver: chrome on windows (029c21161fd24cfac6d40c63f7745051)] -> id: tempperm]
2023-12-22 18:12:311 INFO  HomePage :95 - clickOnFindJobsButton [[ChromeDriver: chrome on windows (029c21161fd24cfac6d40c63f7745051)] -> id: hp-search-btn]
2023-12-22 18:12:853 INFO  HomePage :46 - acceptCookies [[ChromeDriver: chrome on windows (c68fbd8a7091e2c55cc7ae94cdc36a7f)] -> xpath: //button[@id='save']/span/div/span]
2023-12-22 18:12:216 INFO  HomePage :52 - enterJobTitle [[ChromeDriver: chrome on windows (c68fbd8a7091e2c55cc7ae94cdc36a7f)] -> id: keywords]
2023-12-22 18:12:320 INFO  HomePage :57 - enterJobLocation [[ChromeDriver: chrome on windows (c68fbd8a7091e2c55cc7ae94cdc36a7f)] -> id: location]
2023-12-22 18:12:414 INFO  HomePage :63 - enterJobDistance [[ChromeDriver: chrome on windows (c68fbd8a7091e2c55cc7ae94cdc36a7f)] -> id: distance]
2023-12-22 18:12:578 INFO  HomePage :69 - clickOnMoreOptionsLink [[ChromeDriver: chrome on windows (c68fbd8a7091e2c55cc7ae94cdc36a7f)] -> id: toggle-hp-search]
2023-12-22 18:12:755 INFO  HomePage :75 - enterSalaryMin [[ChromeDriver: chrome on windows (c68fbd8a7091e2c55cc7ae94cdc36a7f)] -> id: salarymin]
2023-12-22 18:12:905 INFO  HomePage :80 - enterSalaryMax [[ChromeDriver: chrome on windows (c68fbd8a7091e2c55cc7ae94cdc36a7f)] -> id: salarymax]
2023-12-22 18:12:00 INFO  HomePage :85 - enterSalaryType [[ChromeDriver: chrome on windows (c68fbd8a7091e2c55cc7ae94cdc36a7f)] -> id: salarytype]
2023-12-22 18:12:111 INFO  HomePage :90 - enterJobType [[ChromeDriver: chrome on windows (c68fbd8a7091e2c55cc7ae94cdc36a7f)] -> id: tempperm]
2023-12-22 18:12:210 INFO  HomePage :95 - clickOnFindJobsButton [[ChromeDriver: chrome on windows (c68fbd8a7091e2c55cc7ae94cdc36a7f)] -> id: hp-search-btn]
2023-12-22 18:12:637 INFO  HomePage :46 - acceptCookies [[ChromeDriver: chrome on windows (9544135205b0221e4ba67a2eaa2e9b3a)] -> xpath: //button[@id='save']/span/div/span]
2023-12-22 18:12:08 INFO  HomePage :52 - enterJobTitle [[ChromeDriver: chrome on windows (9544135205b0221e4ba67a2eaa2e9b3a)] -> id: keywords]
2023-12-22 18:12:108 INFO  HomePage :57 - enterJobLocation [[ChromeDriver: chrome on windows (9544135205b0221e4ba67a2eaa2e9b3a)] -> id: location]
2023-12-22 18:12:184 INFO  HomePage :63 - enterJobDistance [[ChromeDriver: chrome on windows (9544135205b0221e4ba67a2eaa2e9b3a)] -> id: distance]
2023-12-22 18:12:329 INFO  HomePage :69 - clickOnMoreOptionsLink [[ChromeDriver: chrome on windows (9544135205b0221e4ba67a2eaa2e9b3a)] -> id: toggle-hp-search]
2023-12-22 18:12:623 INFO  HomePage :75 - enterSalaryMin [[ChromeDriver: chrome on windows (9544135205b0221e4ba67a2eaa2e9b3a)] -> id: salarymin]
2023-12-22 18:12:762 INFO  HomePage :80 - enterSalaryMax [[ChromeDriver: chrome on windows (9544135205b0221e4ba67a2eaa2e9b3a)] -> id: salarymax]
2023-12-22 18:12:852 INFO  HomePage :85 - enterSalaryType [[ChromeDriver: chrome on windows (9544135205b0221e4ba67a2eaa2e9b3a)] -> id: salarytype]
2023-12-22 18:12:958 INFO  HomePage :90 - enterJobType [[ChromeDriver: chrome on windows (9544135205b0221e4ba67a2eaa2e9b3a)] -> id: tempperm]
2023-12-22 18:12:47 INFO  HomePage :95 - clickOnFindJobsButton [[ChromeDriver: chrome on windows (9544135205b0221e4ba67a2eaa2e9b3a)] -> id: hp-search-btn]
2023-12-22 18:12:106 INFO  HomePage :46 - acceptCookies [[ChromeDriver: chrome on windows (40709dfe3cb1210898ab61029471bc82)] -> xpath: //button[@id='save']/span/div/span]
2023-12-22 18:12:618 INFO  HomePage :52 - enterJobTitle [[ChromeDriver: chrome on windows (40709dfe3cb1210898ab61029471bc82)] -> id: keywords]
2023-12-22 18:12:816 INFO  HomePage :57 - enterJobLocation [[ChromeDriver: chrome on windows (40709dfe3cb1210898ab61029471bc82)] -> id: location]
2023-12-22 18:12:964 INFO  HomePage :63 - enterJobDistance [[ChromeDriver: chrome on windows (40709dfe3cb1210898ab61029471bc82)] -> id: distance]
2023-12-22 18:12:211 INFO  HomePage :69 - clickOnMoreOptionsLink [[ChromeDriver: chrome on windows (40709dfe3cb1210898ab61029471bc82)] -> id: toggle-hp-search]
2023-12-22 18:12:331 INFO  HomePage :75 - enterSalaryMin [[ChromeDriver: chrome on windows (40709dfe3cb1210898ab61029471bc82)] -> id: salarymin]
2023-12-22 18:12:474 INFO  HomePage :80 - enterSalaryMax [[ChromeDriver: chrome on windows (40709dfe3cb1210898ab61029471bc82)] -> id: salarymax]
2023-12-22 18:12:580 INFO  HomePage :85 - enterSalaryType [[ChromeDriver: chrome on windows (40709dfe3cb1210898ab61029471bc82)] -> id: salarytype]
2023-12-22 18:12:711 INFO  HomePage :90 - enterJobType [[ChromeDriver: chrome on windows (40709dfe3cb1210898ab61029471bc82)] -> id: tempperm]
2023-12-22 18:12:873 INFO  HomePage :95 - clickOnFindJobsButton [[ChromeDriver: chrome on windows (40709dfe3cb1210898ab61029471bc82)] -> id: hp-search-btn]
2023-12-22 18:12:903 INFO  HomePage :46 - acceptCookies [[ChromeDriver: chrome on windows (ad6b1eb19989581b826b70989dc3abba)] -> xpath: //button[@id='save']/span/div/span]
2023-12-22 18:12:259 INFO  HomePage :52 - enterJobTitle [[ChromeDriver: chrome on windows (ad6b1eb19989581b826b70989dc3abba)] -> id: keywords]
2023-12-22 18:12:382 INFO  HomePage :57 - enterJobLocation [[ChromeDriver: chrome on windows (ad6b1eb19989581b826b70989dc3abba)] -> id: location]
2023-12-22 18:12:465 INFO  HomePage :63 - enterJobDistance [[ChromeDriver: chrome on windows (ad6b1eb19989581b826b70989dc3abba)] -> id: distance]
2023-12-22 18:12:614 INFO  HomePage :69 - clickOnMoreOptionsLink [[ChromeDriver: chrome on windows (ad6b1eb19989581b826b70989dc3abba)] -> id: toggle-hp-search]
2023-12-22 18:12:743 INFO  HomePage :75 - enterSalaryMin [[ChromeDriver: chrome on windows (ad6b1eb19989581b826b70989dc3abba)] -> id: salarymin]
2023-12-22 18:12:921 INFO  HomePage :80 - enterSalaryMax [[ChromeDriver: chrome on windows (ad6b1eb19989581b826b70989dc3abba)] -> id: salarymax]
2023-12-22 18:12:02 INFO  HomePage :85 - enterSalaryType [[ChromeDriver: chrome on windows (ad6b1eb19989581b826b70989dc3abba)] -> id: salarytype]
2023-12-22 18:12:168 INFO  HomePage :90 - enterJobType [[ChromeDriver: chrome on windows (ad6b1eb19989581b826b70989dc3abba)] -> id: tempperm]
2023-12-22 18:12:283 INFO  HomePage :95 - clickOnFindJobsButton [[ChromeDriver: chrome on windows (ad6b1eb19989581b826b70989dc3abba)] -> id: hp-search-btn]
2023-12-22 18:12:163 INFO  HomePage :46 - acceptCookies [[ChromeDriver: chrome on windows (8d5445cdfceec00755588c6c0e7dec78)] -> xpath: //button[@id='save']/span/div/span]
2023-12-22 18:12:600 INFO  HomePage :52 - enterJobTitle [[ChromeDriver: chrome on windows (8d5445cdfceec00755588c6c0e7dec78)] -> id: keywords]
2023-12-22 18:12:698 INFO  HomePage :57 - enterJobLocation [[ChromeDriver: chrome on windows (8d5445cdfceec00755588c6c0e7dec78)] -> id: location]
2023-12-22 18:12:769 INFO  HomePage :63 - enterJobDistance [[ChromeDriver: chrome on windows (8d5445cdfceec00755588c6c0e7dec78)] -> id: distance]
2023-12-22 18:12:891 INFO  HomePage :69 - clickOnMoreOptionsLink [[ChromeDriver: chrome on windows (8d5445cdfceec00755588c6c0e7dec78)] -> id: toggle-hp-search]
2023-12-22 18:12:977 INFO  HomePage :75 - enterSalaryMin [[ChromeDriver: chrome on windows (8d5445cdfceec00755588c6c0e7dec78)] -> id: salarymin]
2023-12-22 18:12:149 INFO  HomePage :80 - enterSalaryMax [[ChromeDriver: chrome on windows (8d5445cdfceec00755588c6c0e7dec78)] -> id: salarymax]
2023-12-22 18:12:229 INFO  HomePage :85 - enterSalaryType [[ChromeDriver: chrome on windows (8d5445cdfceec00755588c6c0e7dec78)] -> id: salarytype]
2023-12-22 18:12:348 INFO  HomePage :90 - enterJobType [[ChromeDriver: chrome on windows (8d5445cdfceec00755588c6c0e7dec78)] -> id: tempperm]
2023-12-22 18:12:457 INFO  HomePage :95 - clickOnFindJobsButton [[ChromeDriver: chrome on windows (8d5445cdfceec00755588c6c0e7dec78)] -> id: hp-search-btn]
2023-12-22 18:12:409 INFO  HomePage :46 - acceptCookies [[ChromeDriver: chrome on windows (04fbf867a1e87717c9b1a82c69a29f05)] -> xpath: //button[@id='save']/span/div/span]
2023-12-22 18:12:560 INFO  HomePage :52 - enterJobTitle Proxy element for: DefaultElementLocator 'By.id: keywords'
